<?xml version="1.0" encoding="UTF-8"?>
<testng-results skipped="1" failed="0" total="1" passed="0">
  <reporter-output>
  </reporter-output>
  <suite name="Default suite" duration-ms="185" started-at="2019-11-18T01:41:15Z" finished-at="2019-11-18T01:41:15Z">
    <groups>
    </groups>
    <test name="Default test" duration-ms="185" started-at="2019-11-18T01:41:15Z" finished-at="2019-11-18T01:41:15Z">
      <class name="com.testng.ResizableDemo">
        <test-method status="FAIL" signature="launchbrowser(java.lang.String)[pri:0, instance:com.testng.ResizableDemo@33a10788]" name="launchbrowser" is-config="true" duration-ms="0" started-at="2019-11-18T07:11:15Z" finished-at="2019-11-18T07:11:15Z">
          <exception class="org.testng.TestNGException">
            <message>
              <![CDATA[
Parameter 'browsername' is required by @Configuration on method launchbrowser but has not been marked @Optional or defined
in C:\Users\Lenovo\AppData\Local\Temp\testng-eclipse--1659713661\testng-customsuite.xml]]>
            </message>
            <full-stacktrace>
              <![CDATA[org.testng.TestNGException: 
Parameter 'browsername' is required by @Configuration on method launchbrowser but has not been marked @Optional or defined
in C:\Users\Lenovo\AppData\Local\Temp\testng-eclipse--1659713661\testng-customsuite.xml
	at org.testng.internal.Parameters.createParameters(Parameters.java:159)
	at org.testng.internal.Parameters.createParameters(Parameters.java:372)
	at org.testng.internal.Parameters.createConfigurationParameters(Parameters.java:90)
	at org.testng.internal.Invoker.invokeConfigurations(Invoker.java:199)
	at org.testng.internal.Invoker.invokeConfigurations(Invoker.java:140)
	at org.testng.TestRunner.beforeRun(TestRunner.java:645)
	at org.testng.TestRunner.run(TestRunner.java:613)
	at org.testng.SuiteRunner.runTest(SuiteRunner.java:357)
	at org.testng.SuiteRunner.runSequentially(SuiteRunner.java:352)
	at org.testng.SuiteRunner.privateRun(SuiteRunner.java:310)
	at org.testng.SuiteRunner.run(SuiteRunner.java:259)
	at org.testng.SuiteRunnerWorker.runSuite(SuiteRunnerWorker.java:52)
	at org.testng.SuiteRunnerWorker.run(SuiteRunnerWorker.java:86)
	at org.testng.TestNG.runSuitesSequentially(TestNG.java:1200)
	at org.testng.TestNG.runSuitesLocally(TestNG.java:1125)
	at org.testng.TestNG.run(TestNG.java:1033)
	at org.testng.remote.RemoteTestNG.run(RemoteTestNG.java:111)
	at org.testng.remote.RemoteTestNG.initAndRun(RemoteTestNG.java:204)
	at org.testng.remote.RemoteTestNG.main(RemoteTestNG.java:175)
]]>
            </full-stacktrace>
          </exception> <!-- org.testng.TestNGException -->
          <reporter-output>
          </reporter-output>
        </test-method> <!-- launchbrowser -->
        <test-method status="SKIP" signature="teststarted()[pri:0, instance:com.testng.ResizableDemo@33a10788]" name="teststarted" is-config="true" duration-ms="0" started-at="2019-11-18T07:11:15Z" finished-at="2019-11-18T07:11:15Z">
          <reporter-output>
          </reporter-output>
        </test-method> <!-- teststarted -->
        <test-method status="SKIP" signature="Resizable()[pri:0, instance:com.testng.ResizableDemo@33a10788]" name="Resizable" duration-ms="21" started-at="2019-11-18T07:11:15Z" finished-at="2019-11-18T07:11:15Z">
          <reporter-output>
          </reporter-output>
        </test-method> <!-- Resizable -->
        <test-method status="SKIP" signature="teststopped()[pri:0, instance:com.testng.ResizableDemo@33a10788]" name="teststopped" is-config="true" duration-ms="0" started-at="2019-11-18T07:11:15Z" finished-at="2019-11-18T07:11:15Z">
          <reporter-output>
          </reporter-output>
        </test-method> <!-- teststopped -->
        <test-method status="SKIP" signature="closebrowser()[pri:0, instance:com.testng.ResizableDemo@33a10788]" name="closebrowser" is-config="true" duration-ms="0" started-at="2019-11-18T07:11:15Z" finished-at="2019-11-18T07:11:15Z">
          <reporter-output>
          </reporter-output>
        </test-method> <!-- closebrowser -->
      </class> <!-- com.testng.ResizableDemo -->
    </test> <!-- Default test -->
  </suite> <!-- Default suite -->
</testng-results>
